<?xml version="1.0" encoding="UTF-8"?>
<!-- Generated by org.testng.reporters.JUnitReportReporter -->
<testsuite hostname="DESKTOP-QAT2PHL" failures="0" tests="3" name="Caw.Sample.AppTest" time="22.602" errors="0" timestamp="2023-12-07T21:59:03 IST" skipped="0">
  <testcase classname="Caw.Sample.AppTest" name="loadWebsite" time="6.248"/>
  <system-out/>
  <testcase classname="Caw.Sample.AppTest" name="testmethod" time="15.859"/>
  <system-out/>
  <testcase classname="Caw.Sample.AppTest" name="getTableData" time="0.495"/>
  <system-out/>
</testsuite> <!-- Caw.Sample.AppTest -->
